<?xml version="1.0" encoding="UTF-8"?>
<!-- Generated by org.testng.reporters.JUnitXMLReporter -->
<testsuite hostname="DESKTOP-GV9UEPS" name="programss" tests="1" failures="1" timestamp="27 Jun 2022 14:35:44 GMT" time="103.166" errors="0">
  <testcase name="login" time="45.606" classname="com.iNetBanking.TestCases.TC_loginPage_001">
    <failure type="java.lang.AssertionError" message="expected [true] but found [false]">
      <![CDATA[java.lang.AssertionError: expected [true] but found [false]
	at com.iNetBanking.TestCases.TC_loginPage_001.login(TC_loginPage_001.java:62)
... Removed 28 stack frames]]>
    </failure>
  </testcase> <!-- login -->
</testsuite> <!-- programss -->
